<?xml version="1.0" encoding="UTF-8"?>
<!-- Generated by org.testng.reporters.JUnitReportReporter -->
<testsuite hostname="NEXAS" failures="0" tests="2" name="TestNG.TestNG_Annotation" time="0.073" errors="0" timestamp="2023-08-23T12:22:21 IST" skipped="0">
  <testcase classname="TestNG.TestNG_Annotation" name="verifyfullname2" time="0.014">
    <system-out>
      <![CDATA[verifyfullname2]]>
    </system-out>
  </testcase> <!-- verifyfullname2 -->
  <testcase classname="TestNG.TestNG_Annotation" name="verifyfullname" time="0.059">
    <system-out>
      <![CDATA[verifyfullname]]>
    </system-out>
  </testcase> <!-- verifyfullname -->
  <system-out>
    <![CDATA[--openbrowser--
--Loginapp--
verifyfullname
--Logoutapp--
--Loginapp--
verifyfullname2
--Logoutapp--
--Closebrowser--]]>
  </system-out>
</testsuite> <!-- TestNG.TestNG_Annotation -->
