<?xml version="1.0" encoding="UTF-8"?>
<!-- Generated by org.testng.reporters.JUnitReportReporter -->
<testsuite hostname="NEXAS" failures="0" tests="1" name="TestNG.EX19_Parallel" time="17.194" errors="0" timestamp="2023-08-28T16:51:41 IST" skipped="0">
  <testcase classname="TestNG.EX19_Parallel" name="name" time="17.194"/>
</testsuite> <!-- TestNG.EX19_Parallel -->
