<?xml version="1.0" encoding="UTF-8"?>
<!-- Generated by org.testng.reporters.JUnitReportReporter -->
<testsuite hostname="NEXAS" failures="0" tests="1" name="POM_DDF_TestNG_BaseClass.PBLogin_TestNg_Test1" time="24.017" errors="0" timestamp="2023-08-29T18:20:50 IST" skipped="0">
  <testcase classname="POM_DDF_TestNG_BaseClass.PBLogin_TestNg_Test1" name="VerifyFullname" time="24.017"/>
</testsuite> <!-- POM_DDF_TestNG_BaseClass.PBLogin_TestNg_Test1 -->
