<?xml version="1.0" encoding="UTF-8"?>
<!-- Generated by org.testng.reporters.JUnitReportReporter -->
<testsuite hostname="NEXAS" failures="0" tests="2" name="TestNG.Ex8_enable" time="0.018" errors="0" timestamp="2023-08-23T12:55:28 IST" skipped="1">
  <testcase classname="TestNG.Ex8_enable" name="TC2" time="0.018">
    <system-out>
      <![CDATA[run TC2]]>
    </system-out>
  </testcase> <!-- TC2 -->
  <testcase classname="TestNG.Ex8_enable" name="TC1">
    <skipped/>
  </testcase> <!-- TC1 -->
  <system-out>
    <![CDATA[run TC2]]>
  </system-out>
</testsuite> <!-- TestNG.Ex8_enable -->
