<?xml version="1.0" encoding="UTF-8"?>
<!-- Generated by org.testng.reporters.JUnitReportReporter -->
<testsuite hostname="NEXAS" failures="0" tests="3" name="TestNG.Sample2" time="0.009" errors="0" timestamp="2023-08-23T14:50:57 IST" skipped="0">
  <testcase classname="TestNG.Sample2" name="TC6" time="0.002">
    <system-out>
      <![CDATA[running TC6]]>
    </system-out>
  </testcase> <!-- TC6 -->
  <testcase classname="TestNG.Sample2" name="TC5" time="0.003">
    <system-out>
      <![CDATA[running TC5]]>
    </system-out>
  </testcase> <!-- TC5 -->
  <testcase classname="TestNG.Sample2" name="TC4" time="0.004">
    <system-out>
      <![CDATA[running TC4]]>
    </system-out>
  </testcase> <!-- TC4 -->
  <system-out>
    <![CDATA[running TC1
running TC2
running TC3
running TC4
running TC5
running TC6]]>
  </system-out>
</testsuite> <!-- TestNG.Sample2 -->
