<?xml version="1.0" encoding="UTF-8"?>
<!-- Generated by org.testng.reporters.JUnitReportReporter -->
<testsuite hostname="NEXAS" failures="0" tests="1" name="TestNG.Ex16_Assert_assert_False" time="0.040" errors="0" timestamp="2023-08-23T13:50:43 IST" skipped="0">
  <testcase classname="TestNG.Ex16_Assert_assert_False" name="TC1" time="0.040"/>
</testsuite> <!-- TestNG.Ex16_Assert_assert_False -->
