<?xml version="1.0" encoding="UTF-8"?>
<!-- Generated by org.testng.reporters.JUnitReportReporter -->
<testsuite hostname="NEXAS" failures="0" tests="1" name="TestNG.EX13_Assert_notEquals" time="0.022" errors="0" timestamp="2023-08-23T13:42:47 IST" skipped="0">
  <testcase classname="TestNG.EX13_Assert_notEquals" name="TC1" time="0.022"/>
</testsuite> <!-- TestNG.EX13_Assert_notEquals -->
