<?xml version="1.0" encoding="UTF-8"?>
<!-- Generated by org.testng.reporters.JUnitReportReporter -->
<testsuite hostname="NEXAS" failures="0" tests="1" name="TestNG.Sample2" time="0.016" errors="0" timestamp="2023-08-28T15:28:58 IST" skipped="0">
  <testcase classname="TestNG.Sample2" name="TC4" time="0.016">
    <system-out>
      <![CDATA[running TC4]]>
    </system-out>
  </testcase> <!-- TC4 -->
  <system-out>
    <![CDATA[running TC4]]>
  </system-out>
</testsuite> <!-- TestNG.Sample2 -->
