<?xml version="1.0" encoding="UTF-8"?>
<!-- Generated by org.testng.reporters.JUnitReportReporter -->
<testsuite hostname="NEXAS" failures="0" tests="2" name="TestNG.Ex17_Grouping1" time="0.017" errors="0" timestamp="2023-08-28T16:31:44 IST" skipped="0">
  <testcase classname="TestNG.Ex17_Grouping1" name="TC3" time="0.014">
    <system-out>
      <![CDATA[running TC3]]>
    </system-out>
  </testcase> <!-- TC3 -->
  <testcase classname="TestNG.Ex17_Grouping1" name="TC4" time="0.003">
    <system-out>
      <![CDATA[running TC4]]>
    </system-out>
  </testcase> <!-- TC4 -->
  <system-out>
    <![CDATA[running TC3
running TC4
running TC2
running TC3
running TC4]]>
  </system-out>
</testsuite> <!-- TestNG.Ex17_Grouping1 -->
