<?xml version="1.0" encoding="UTF-8"?>
<!-- Generated by org.testng.reporters.JUnitReportReporter -->
<testsuite hostname="NEXAS" failures="0" tests="1" name="TestNG.Ex11_Asserclass_Assertequals" time="0.022" errors="0" timestamp="2023-08-28T14:35:41 IST" skipped="0">
  <testcase classname="TestNG.Ex11_Asserclass_Assertequals" name="TC1" time="0.022"/>
</testsuite> <!-- TestNG.Ex11_Asserclass_Assertequals -->
