<?xml version="1.0" encoding="UTF-8"?>
<!-- Generated by org.testng.reporters.JUnitReportReporter -->
<testsuite hostname="NEXAS" failures="0" tests="2" name="TestNG.Ex3_EmailableReport" time="0.038" errors="0" timestamp="2023-08-27T17:36:48 IST" skipped="0">
  <testcase classname="TestNG.Ex3_EmailableReport" name="TC2" time="0.007">
    <system-out>
      <![CDATA[--running TC2--]]>
    </system-out>
  </testcase> <!-- TC2 -->
  <testcase classname="TestNG.Ex3_EmailableReport" name="TC1" time="0.031">
    <system-out>
      <![CDATA[--running TC1--]]>
    </system-out>
  </testcase> <!-- TC1 -->
  <system-out>
    <![CDATA[--running TC1--
--running TC2--]]>
  </system-out>
</testsuite> <!-- TestNG.Ex3_EmailableReport -->
