<?xml version="1.0" encoding="UTF-8"?>
<!-- Generated by org.testng.reporters.JUnitReportReporter -->
<testsuite hostname="NEXAS" failures="0" tests="1" name="TestNG.Ex2_TestNGclass" time="14.798" errors="0" timestamp="2023-08-23T11:41:45 IST" skipped="0">
  <testcase classname="TestNG.Ex2_TestNGclass" name="name" time="14.798"/>
</testsuite> <!-- TestNG.Ex2_TestNGclass -->
