<?xml version="1.0" encoding="UTF-8"?>
<!-- Generated by org.testng.reporters.JUnitReportReporter -->
<testsuite hostname="NEXAS" failures="0" tests="1" name="TestNG.EX20_Parallel2" time="20.343" errors="0" timestamp="2023-08-28T16:51:41 IST" skipped="0">
  <testcase classname="TestNG.EX20_Parallel2" name="openGoogleApp" time="20.343"/>
</testsuite> <!-- TestNG.EX20_Parallel2 -->
