<?xml version="1.0" encoding="UTF-8"?>
<!-- Generated by org.testng.reporters.JUnitReportReporter -->
<testsuite hostname="NEXAS" failures="0" tests="4" name="TestNG.Ex7_priority1" time="0.045" errors="0" timestamp="2023-08-23T12:53:33 IST" skipped="0">
  <testcase classname="TestNG.Ex7_priority1" name="TC4" time="0.030">
    <system-out>
      <![CDATA[run TC4]]>
    </system-out>
  </testcase> <!-- TC4 -->
  <testcase classname="TestNG.Ex7_priority1" name="TC3" time="0.006">
    <system-out>
      <![CDATA[run TC3]]>
    </system-out>
  </testcase> <!-- TC3 -->
  <testcase classname="TestNG.Ex7_priority1" name="TC2" time="0.005">
    <system-out>
      <![CDATA[run TC2]]>
    </system-out>
  </testcase> <!-- TC2 -->
  <testcase classname="TestNG.Ex7_priority1" name="TC1" time="0.004">
    <system-out>
      <![CDATA[run TC1]]>
    </system-out>
  </testcase> <!-- TC1 -->
  <system-out>
    <![CDATA[run TC4
run TC3
run TC2
run TC1]]>
  </system-out>
</testsuite> <!-- TestNG.Ex7_priority1 -->
