<?xml version="1.0" encoding="UTF-8"?>
<!-- Generated by org.testng.reporters.JUnitReportReporter -->
<testsuite hostname="NEXAS" failures="0" tests="1" name="TestNG.Sample1" time="0.018" errors="0" timestamp="2023-08-23T15:09:04 IST" skipped="0">
  <testcase classname="TestNG.Sample1" name="TC3" time="0.018">
    <system-out>
      <![CDATA[running TC3]]>
    </system-out>
  </testcase> <!-- TC3 -->
  <system-out>
    <![CDATA[running TC3]]>
  </system-out>
</testsuite> <!-- TestNG.Sample1 -->
