<?xml version="1.0" encoding="UTF-8"?>
<!-- Generated by org.testng.reporters.JUnitReportReporter -->
<testsuite hostname="NEXAS" failures="0" tests="2" name="TestNG.Ex6_Priority" time="0.019" errors="0" timestamp="2023-08-23T12:41:52 IST" skipped="0">
  <testcase classname="TestNG.Ex6_Priority" name="TC2" time="0.004">
    <system-out>
      <![CDATA[run TC2]]>
    </system-out>
  </testcase> <!-- TC2 -->
  <testcase classname="TestNG.Ex6_Priority" name="TC1" time="0.015">
    <system-out>
      <![CDATA[run TC1]]>
    </system-out>
  </testcase> <!-- TC1 -->
  <system-out>
    <![CDATA[run TC1
run TC2]]>
  </system-out>
</testsuite> <!-- TestNG.Ex6_Priority -->
