<?xml version="1.0" encoding="UTF-8"?>
<!-- Generated by org.testng.reporters.JUnitReportReporter -->
<testsuite hostname="NEXAS" failures="0" tests="2" name="TestNG.Ex10_DependsOnMethod" time="0.029" errors="0" timestamp="2023-08-28T13:08:18 IST" skipped="0">
  <testcase classname="TestNG.Ex10_DependsOnMethod" name="logout" time="0.005">
    <system-out>
      <![CDATA[running logout TC]]>
    </system-out>
  </testcase> <!-- logout -->
  <testcase classname="TestNG.Ex10_DependsOnMethod" name="login" time="0.024">
    <system-out>
      <![CDATA[running login TC]]>
    </system-out>
  </testcase> <!-- login -->
  <system-out>
    <![CDATA[running login TC
running logout TC]]>
  </system-out>
</testsuite> <!-- TestNG.Ex10_DependsOnMethod -->
