<?xml version="1.0" encoding="UTF-8"?>
<!-- Generated by org.testng.reporters.JUnitReportReporter -->
<testsuite hostname="NEXAS" failures="0" tests="1" name="POM_DDF_TestNG.PBLogin_TestNg_Test1" time="23.880" errors="0" timestamp="2023-08-29T17:40:58 IST" skipped="0">
  <testcase classname="POM_DDF_TestNG.PBLogin_TestNg_Test1" name="VerifyFullname" time="23.880"/>
</testsuite> <!-- POM_DDF_TestNG.PBLogin_TestNg_Test1 -->
