<?xml version="1.0" encoding="UTF-8"?>
<!-- Generated by org.testng.reporters.JUnitReportReporter -->
<testsuite hostname="NEXAS" failures="0" tests="3" name="TestNG.Ex5_invocationcount" time="0.038" errors="0" timestamp="2023-08-23T12:30:20 IST" skipped="0">
  <testcase classname="TestNG.Ex5_invocationcount" name="TC1" time="0.009">
    <system-out>
      <![CDATA[run TC1]]>
    </system-out>
  </testcase> <!-- TC1 -->
  <testcase classname="TestNG.Ex5_invocationcount" name="TC1" time="0.003">
    <system-out>
      <![CDATA[run TC1]]>
    </system-out>
  </testcase> <!-- TC1 -->
  <testcase classname="TestNG.Ex5_invocationcount" name="TC1" time="0.026">
    <system-out>
      <![CDATA[run TC1]]>
    </system-out>
  </testcase> <!-- TC1 -->
  <system-out>
    <![CDATA[run TC1
run TC1
run TC1]]>
  </system-out>
</testsuite> <!-- TestNG.Ex5_invocationcount -->
