<?xml version="1.0" encoding="UTF-8"?>
<!-- Generated by org.testng.reporters.JUnitReportReporter -->
<testsuite hostname="NEXAS" failures="0" tests="2" name="TestNG.Ex4_TestNG_Annotation" time="0.029" errors="0" timestamp="2023-08-27T18:55:05 IST" skipped="0">
  <testcase classname="TestNG.Ex4_TestNG_Annotation" name="verifyfullname2" time="0.013">
    <system-out>
      <![CDATA[verifyfullname2]]>
    </system-out>
  </testcase> <!-- verifyfullname2 -->
  <testcase classname="TestNG.Ex4_TestNG_Annotation" name="verifyfullname" time="0.016">
    <system-out>
      <![CDATA[verifyfullname]]>
    </system-out>
  </testcase> <!-- verifyfullname -->
  <system-out>
    <![CDATA[--openbrowser--
--Loginapp--
verifyfullname
--Logoutapp--
--Loginapp--
verifyfullname2
--Logoutapp--
--Closebrowser--]]>
  </system-out>
</testsuite> <!-- TestNG.Ex4_TestNG_Annotation -->
